2025-05-08 14:21:41,879 - INFO - Starting credential update process
2025-05-08 14:21:41,906 - INFO - Found credentials in shared credentials file: ~/.aws/credentials
2025-05-08 14:21:43,184 - INFO - 
Processing user: test-user-1
2025-05-08 14:21:44,101 - INFO - Updated JSON config for test-user-1
2025-05-08 14:21:44,103 - INFO - Updated INI config for test-user-1
2025-05-08 14:21:44,103 - INFO - Successfully updated all configurations for test-user-1
2025-05-08 14:21:44,103 - INFO - 
Processing user: test-user-10
2025-05-08 14:21:44,893 - INFO - Updated JSON config for test-user-10
2025-05-08 14:21:44,894 - INFO - Updated INI config for test-user-10
2025-05-08 14:21:44,894 - INFO - Successfully updated all configurations for test-user-10
2025-05-08 14:21:44,894 - INFO - 
Processing user: test-user-2
2025-05-08 14:21:45,734 - INFO - Updated JSON config for test-user-2
2025-05-08 14:21:45,735 - INFO - Updated INI config for test-user-2
2025-05-08 14:21:45,735 - INFO - Successfully updated all configurations for test-user-2
2025-05-08 14:21:45,735 - INFO - 
Processing user: test-user-3
2025-05-08 14:21:46,580 - INFO - Updated JSON config for test-user-3
2025-05-08 14:21:46,581 - INFO - Updated INI config for test-user-3
2025-05-08 14:21:46,581 - INFO - Successfully updated all configurations for test-user-3
2025-05-08 14:21:46,581 - INFO - 
Processing user: test-user-4
2025-05-08 14:21:47,435 - INFO - Updated JSON config for test-user-4
2025-05-08 14:21:47,436 - INFO - Updated INI config for test-user-4
2025-05-08 14:21:47,436 - INFO - Successfully updated all configurations for test-user-4
2025-05-08 14:21:47,436 - INFO - 
Processing user: test-user-5
2025-05-08 14:21:48,169 - INFO - Updated JSON config for test-user-5
2025-05-08 14:21:48,169 - INFO - Updated INI config for test-user-5
2025-05-08 14:21:48,169 - INFO - Successfully updated all configurations for test-user-5
2025-05-08 14:21:48,169 - INFO - 
Processing user: test-user-6
2025-05-08 14:21:49,018 - INFO - Updated JSON config for test-user-6
2025-05-08 14:21:49,018 - INFO - Updated INI config for test-user-6
2025-05-08 14:21:49,019 - INFO - Successfully updated all configurations for test-user-6
2025-05-08 14:21:49,019 - INFO - 
Processing user: test-user-7
2025-05-08 14:21:49,883 - INFO - Updated JSON config for test-user-7
2025-05-08 14:21:49,884 - INFO - Updated INI config for test-user-7
2025-05-08 14:21:49,884 - INFO - Successfully updated all configurations for test-user-7
2025-05-08 14:21:49,884 - INFO - 
Processing user: test-user-8
2025-05-08 14:21:50,729 - INFO - Updated JSON config for test-user-8
2025-05-08 14:21:50,730 - INFO - Updated INI config for test-user-8
2025-05-08 14:21:50,730 - INFO - Successfully updated all configurations for test-user-8
2025-05-08 14:21:50,730 - INFO - 
Processing user: test-user-9
2025-05-08 14:21:51,503 - INFO - Updated JSON config for test-user-9
2025-05-08 14:21:51,504 - INFO - Updated INI config for test-user-9
2025-05-08 14:21:51,504 - INFO - Successfully updated all configurations for test-user-9
2025-05-08 14:21:51,504 - INFO - Credential update process completed
