2025-05-08 15:24:30,104 - INFO - Starting credential sync process
2025-05-08 15:24:30,133 - INFO - Found credentials in shared credentials file: ~/.aws/credentials
2025-05-08 15:24:31,889 - INFO - 
Processing user: test-user-1
2025-05-08 15:24:33,054 - INFO - Updated JSON config for test-user-1
2025-05-08 15:24:33,054 - INFO - Updated .env file for test-user-1
2025-05-08 15:24:33,055 - INFO - Updated INI config for test-user-1
2025-05-08 15:24:33,055 - INFO - Successfully updated all configurations for test-user-1
2025-05-08 15:24:33,056 - INFO - 
Processing user: test-user-10
2025-05-08 15:24:33,392 - INFO - Updated JSON config for test-user-10
2025-05-08 15:24:33,393 - INFO - Updated .env file for test-user-10
2025-05-08 15:24:33,394 - INFO - Updated INI config for test-user-10
2025-05-08 15:24:33,394 - INFO - Successfully updated all configurations for test-user-10
2025-05-08 15:24:33,394 - INFO - 
Processing user: test-user-2
2025-05-08 15:24:33,707 - INFO - Updated JSON config for test-user-2
2025-05-08 15:24:33,707 - INFO - Updated .env file for test-user-2
2025-05-08 15:24:33,708 - INFO - Updated INI config for test-user-2
2025-05-08 15:24:33,708 - INFO - Successfully updated all configurations for test-user-2
2025-05-08 15:24:33,708 - INFO - 
Processing user: test-user-3
2025-05-08 15:24:34,019 - INFO - Updated JSON config for test-user-3
2025-05-08 15:24:34,019 - INFO - Updated .env file for test-user-3
2025-05-08 15:24:34,020 - INFO - Updated INI config for test-user-3
2025-05-08 15:24:34,020 - INFO - Successfully updated all configurations for test-user-3
2025-05-08 15:24:34,020 - INFO - 
Processing user: test-user-4
2025-05-08 15:24:34,418 - INFO - Updated JSON config for test-user-4
2025-05-08 15:24:34,419 - INFO - Updated .env file for test-user-4
2025-05-08 15:24:34,419 - INFO - Updated INI config for test-user-4
2025-05-08 15:24:34,419 - INFO - Successfully updated all configurations for test-user-4
2025-05-08 15:24:34,419 - INFO - 
Processing user: test-user-5
2025-05-08 15:24:34,734 - INFO - Updated JSON config for test-user-5
2025-05-08 15:24:34,735 - INFO - Updated .env file for test-user-5
2025-05-08 15:24:34,736 - INFO - Updated INI config for test-user-5
2025-05-08 15:24:34,736 - INFO - Successfully updated all configurations for test-user-5
2025-05-08 15:24:34,736 - INFO - 
Processing user: test-user-6
2025-05-08 15:24:35,050 - INFO - Updated JSON config for test-user-6
2025-05-08 15:24:35,050 - INFO - Updated .env file for test-user-6
2025-05-08 15:24:35,051 - INFO - Updated INI config for test-user-6
2025-05-08 15:24:35,051 - INFO - Successfully updated all configurations for test-user-6
2025-05-08 15:24:35,051 - INFO - 
Processing user: test-user-7
2025-05-08 15:24:35,362 - INFO - Updated JSON config for test-user-7
2025-05-08 15:24:35,362 - INFO - Updated .env file for test-user-7
2025-05-08 15:24:35,363 - INFO - Updated INI config for test-user-7
2025-05-08 15:24:35,363 - INFO - Successfully updated all configurations for test-user-7
2025-05-08 15:24:35,363 - INFO - 
Processing user: test-user-8
2025-05-08 15:24:35,611 - INFO - Updated JSON config for test-user-8
2025-05-08 15:24:35,612 - INFO - Updated .env file for test-user-8
2025-05-08 15:24:35,612 - INFO - Updated INI config for test-user-8
2025-05-08 15:24:35,613 - INFO - Successfully updated all configurations for test-user-8
2025-05-08 15:24:35,613 - INFO - 
Processing user: test-user-9
2025-05-08 15:24:35,866 - INFO - Updated JSON config for test-user-9
2025-05-08 15:24:35,867 - INFO - Updated .env file for test-user-9
2025-05-08 15:24:35,867 - INFO - Updated INI config for test-user-9
2025-05-08 15:24:35,867 - INFO - Successfully updated all configurations for test-user-9
2025-05-08 15:24:35,867 - INFO - Credential sync process completed
